c:\projects\trianglegl\trianglegl\x64\debug\vc143.pdb
c:\projects\trianglegl\trianglegl\x64\debug\vc143.idb
c:\projects\trianglegl\trianglegl\x64\debug\shader.obj
c:\projects\trianglegl\trianglegl\x64\debug\main.obj
c:\projects\trianglegl\trianglegl\x64\debug\gui.obj
c:\projects\trianglegl\x64\debug\trianglegl.exe
c:\projects\trianglegl\x64\debug\trianglegl.pdb
c:\projects\trianglegl\trianglegl\x64\debug\trianglegl.res
c:\projects\trianglegl\trianglegl\x64\debug\trianglegl.ilk
c:\projects\trianglegl\trianglegl\x64\debug\glad.obj
c:\projects\trianglegl\trianglegl\x64\debug\imgui.obj
c:\projects\trianglegl\trianglegl\x64\debug\imgui_demo.obj
c:\projects\trianglegl\trianglegl\x64\debug\imgui_draw.obj
c:\projects\trianglegl\trianglegl\x64\debug\imgui_impl_glfw.obj
c:\projects\trianglegl\trianglegl\x64\debug\imgui_impl_opengl3.obj
c:\projects\trianglegl\trianglegl\x64\debug\imgui_tables.obj
c:\projects\trianglegl\trianglegl\x64\debug\imgui_widgets.obj
c:\projects\trianglegl\trianglegl\x64\debug\stb_image.obj
c:\projects\trianglegl\trianglegl\x64\debug\trianglegl.tlog\cl.command.1.tlog
c:\projects\trianglegl\trianglegl\x64\debug\trianglegl.tlog\cl.items.tlog
c:\projects\trianglegl\trianglegl\x64\debug\trianglegl.tlog\cl.read.1.tlog
c:\projects\trianglegl\trianglegl\x64\debug\trianglegl.tlog\cl.write.1.tlog
c:\projects\trianglegl\trianglegl\x64\debug\trianglegl.tlog\link.command.1.tlog
c:\projects\trianglegl\trianglegl\x64\debug\trianglegl.tlog\link.read.1.tlog
c:\projects\trianglegl\trianglegl\x64\debug\trianglegl.tlog\link.secondary.1.tlog
c:\projects\trianglegl\trianglegl\x64\debug\trianglegl.tlog\link.write.1.tlog
c:\projects\trianglegl\trianglegl\x64\debug\trianglegl.tlog\rc.command.1.tlog
c:\projects\trianglegl\trianglegl\x64\debug\trianglegl.tlog\rc.read.1.tlog
c:\projects\trianglegl\trianglegl\x64\debug\trianglegl.tlog\rc.write.1.tlog
